  [1m[35m (1.1ms)[0m  [1m[35mCREATE DATABASE "recipe_app_api_development" ENCODING = 'unicode'[0m
  ↳ /Users/mak/.rvm/rubies/ruby-2.6.3/lib/ruby/gems/2.6.0/gems/rake-12.3.2/lib/rake/task.rb:273
  [1m[35m (0.3ms)[0m  [1m[35mCREATE DATABASE "recipe_app_api_test" ENCODING = 'unicode'[0m
  ↳ /Users/mak/.rvm/rubies/ruby-2.6.3/lib/ruby/gems/2.6.0/gems/rake-12.3.2/lib/rake/task.rb:273
  [1m[35m (408.1ms)[0m  [1m[35mCREATE DATABASE "recipe_app_api_development" ENCODING = 'unicode'[0m
  ↳ /Users/mak/.rvm/rubies/ruby-2.6.3/lib/ruby/gems/2.6.0/gems/rake-12.3.2/lib/rake/task.rb:273
  [1m[35m (308.1ms)[0m  [1m[35mCREATE DATABASE "recipe_app_api_test" ENCODING = 'unicode'[0m
  ↳ /Users/mak/.rvm/rubies/ruby-2.6.3/lib/ruby/gems/2.6.0/gems/rake-12.3.2/lib/rake/task.rb:273
  [1m[35m (27.4ms)[0m  [1m[35mCREATE TABLE "schema_migrations" ("version" character varying NOT NULL PRIMARY KEY)[0m
  ↳ /Users/mak/.rvm/rubies/ruby-2.6.3/lib/ruby/gems/2.6.0/gems/rake-12.3.2/lib/rake/task.rb:273
  [1m[35m (3.6ms)[0m  [1m[35mCREATE TABLE "ar_internal_metadata" ("key" character varying NOT NULL PRIMARY KEY, "value" character varying, "created_at" timestamp NOT NULL, "updated_at" timestamp NOT NULL)[0m
  ↳ /Users/mak/.rvm/rubies/ruby-2.6.3/lib/ruby/gems/2.6.0/gems/rake-12.3.2/lib/rake/task.rb:273
  [1m[35m (0.9ms)[0m  [1m[34mSELECT pg_try_advisory_lock(5124820723056595575)[0m
  ↳ /Users/mak/.rvm/rubies/ruby-2.6.3/lib/ruby/gems/2.6.0/gems/rake-12.3.2/lib/rake/task.rb:273
  [1m[35m (1.5ms)[0m  [1m[34mSELECT "schema_migrations"."version" FROM "schema_migrations" ORDER BY "schema_migrations"."version" ASC[0m
  ↳ /Users/mak/.rvm/rubies/ruby-2.6.3/lib/ruby/gems/2.6.0/gems/rake-12.3.2/lib/rake/task.rb:273
Migrating to CreateRecipes (20190530135045)
  [1m[35m (0.9ms)[0m  [1m[35mBEGIN[0m
  ↳ /Users/mak/.rvm/rubies/ruby-2.6.3/lib/ruby/gems/2.6.0/gems/rake-12.3.2/lib/rake/task.rb:273
  [1m[35m (12.9ms)[0m  [1m[35mCREATE TABLE "recipes" ("id" bigserial primary key, "title" character varying, "category" character varying, "image" character varying, "ingredients" character varying, "time" character varying, "created_at" timestamp NOT NULL, "updated_at" timestamp NOT NULL)[0m
  ↳ db/migrate/20190530135045_create_recipes.rb:3
  [1m[36mActiveRecord::SchemaMigration Create (2.9ms)[0m  [1m[32mINSERT INTO "schema_migrations" ("version") VALUES ($1) RETURNING "version"[0m  [["version", "20190530135045"]]
  ↳ /Users/mak/.rvm/rubies/ruby-2.6.3/lib/ruby/gems/2.6.0/gems/rake-12.3.2/lib/rake/task.rb:273
  [1m[35m (0.3ms)[0m  [1m[35mCOMMIT[0m
  ↳ /Users/mak/.rvm/rubies/ruby-2.6.3/lib/ruby/gems/2.6.0/gems/rake-12.3.2/lib/rake/task.rb:273
  [1m[36mActiveRecord::InternalMetadata Load (0.4ms)[0m  [1m[34mSELECT  "ar_internal_metadata".* FROM "ar_internal_metadata" WHERE "ar_internal_metadata"."key" = $1 LIMIT $2[0m  [["key", "environment"], ["LIMIT", 1]]
  ↳ /Users/mak/.rvm/rubies/ruby-2.6.3/lib/ruby/gems/2.6.0/gems/rake-12.3.2/lib/rake/task.rb:273
  [1m[35m (0.2ms)[0m  [1m[35mBEGIN[0m
  ↳ /Users/mak/.rvm/rubies/ruby-2.6.3/lib/ruby/gems/2.6.0/gems/rake-12.3.2/lib/rake/task.rb:273
  [1m[36mActiveRecord::InternalMetadata Create (1.4ms)[0m  [1m[32mINSERT INTO "ar_internal_metadata" ("key", "value", "created_at", "updated_at") VALUES ($1, $2, $3, $4) RETURNING "key"[0m  [["key", "environment"], ["value", "development"], ["created_at", "2019-05-30 13:53:43.999022"], ["updated_at", "2019-05-30 13:53:43.999022"]]
  ↳ /Users/mak/.rvm/rubies/ruby-2.6.3/lib/ruby/gems/2.6.0/gems/rake-12.3.2/lib/rake/task.rb:273
  [1m[35m (0.3ms)[0m  [1m[35mCOMMIT[0m
  ↳ /Users/mak/.rvm/rubies/ruby-2.6.3/lib/ruby/gems/2.6.0/gems/rake-12.3.2/lib/rake/task.rb:273
  [1m[35m (0.2ms)[0m  [1m[34mSELECT pg_advisory_unlock(5124820723056595575)[0m
  ↳ /Users/mak/.rvm/rubies/ruby-2.6.3/lib/ruby/gems/2.6.0/gems/rake-12.3.2/lib/rake/task.rb:273
  [1m[35m (0.5ms)[0m  [1m[34mSELECT "schema_migrations"."version" FROM "schema_migrations" ORDER BY "schema_migrations"."version" ASC[0m
  ↳ /Users/mak/.rvm/rubies/ruby-2.6.3/lib/ruby/gems/2.6.0/gems/rake-12.3.2/lib/rake/task.rb:273
  [1m[35m (2.3ms)[0m  [1m[34mSELECT "schema_migrations"."version" FROM "schema_migrations" ORDER BY "schema_migrations"."version" ASC[0m
  ↳ /Users/mak/.rvm/rubies/ruby-2.6.3/lib/ruby/gems/2.6.0/gems/rake-12.3.2/lib/rake/task.rb:273
  [1m[35m (0.1ms)[0m  [1m[35mBEGIN[0m
  ↳ db/seeds.rb:10
  [1m[36mRecipe Create (1.3ms)[0m  [1m[32mINSERT INTO "recipes" ("title", "category", "image", "ingredients", "time", "created_at", "updated_at") VALUES ($1, $2, $3, $4, $5, $6, $7) RETURNING "id"[0m  [["title", "Corned Beef Hash and Eggs"], ["category", "Breakfast"], ["image", "https://www.tasteofhome.com/wp-content/uploads/2018/04/Corned-Beef-Hash-and-Eggs_exps5360_TH.CW1973175A05_03_3b_RMS-696x696.jpg"], ["ingredients", "Cubed Hash Browns, Chopped Onion, Canola Oil, Corned Beef, Salt"], ["time", "35 minutes"], ["created_at", "2019-05-30 15:08:39.894164"], ["updated_at", "2019-05-30 15:08:39.894164"]]
  ↳ db/seeds.rb:10
  [1m[35m (0.5ms)[0m  [1m[35mCOMMIT[0m
  ↳ db/seeds.rb:10
  [1m[35m (0.1ms)[0m  [1m[35mBEGIN[0m
  ↳ db/seeds.rb:10
  [1m[36mRecipe Create (0.3ms)[0m  [1m[32mINSERT INTO "recipes" ("title", "category", "image", "ingredients", "time", "created_at", "updated_at") VALUES ($1, $2, $3, $4, $5, $6, $7) RETURNING "id"[0m  [["title", "Good Old Fashioned Pancakes"], ["category", "Breakfast"], ["image", "https://static01.nyt.com/images/2017/03/24/dining/24COOKING-CLASSICPANCAKES/24COOKING-CLASSICPANCAKES-articleLarge.jpg"], ["ingredients", "Milk, White Vinegar, Flour, White Sugar, Baking Powder, Baking Soda, Salt, 1 Egg, Melted Butter, Cokking Spray"], ["time", "25 minutes"], ["created_at", "2019-05-30 15:08:39.897722"], ["updated_at", "2019-05-30 15:08:39.897722"]]
  ↳ db/seeds.rb:10
  [1m[35m (0.3ms)[0m  [1m[35mCOMMIT[0m
  ↳ db/seeds.rb:10
  [1m[35m (0.1ms)[0m  [1m[35mBEGIN[0m
  ↳ db/seeds.rb:10
  [1m[36mRecipe Create (0.3ms)[0m  [1m[32mINSERT INTO "recipes" ("title", "category", "image", "ingredients", "time", "created_at", "updated_at") VALUES ($1, $2, $3, $4, $5, $6, $7) RETURNING "id"[0m  [["title", "Fluffy French Toast"], ["category", "Breakfast"], ["image", "https://images.media-allrecipes.com/userphotos/720x405/2049275.jpg"], ["ingredients", "Flour, Milk, Salt, 3 Eggs, Cinnamon, Vanilla Extract, White Sugar, 12 Slices of Bread"], ["time", "20 minutes"], ["created_at", "2019-05-30 15:08:39.899468"], ["updated_at", "2019-05-30 15:08:39.899468"]]
  ↳ db/seeds.rb:10
  [1m[35m (0.4ms)[0m  [1m[35mCOMMIT[0m
  ↳ db/seeds.rb:10
  [1m[35m (0.1ms)[0m  [1m[35mBEGIN[0m
  ↳ db/seeds.rb:10
  [1m[36mRecipe Create (0.3ms)[0m  [1m[32mINSERT INTO "recipes" ("title", "category", "image", "ingredients", "time", "created_at", "updated_at") VALUES ($1, $2, $3, $4, $5, $6, $7) RETURNING "id"[0m  [["title", "Bacon-Ranch Chicken Enchiladas"], ["category", "Mexican"], ["image", "https://images.media-allrecipes.com/userphotos/720x405/6688579.jpg"], ["ingredients", "Cooking Spray, Olive Oil, Chopped Yellow Onion, Chopped Rotisserie Chicken, Cooked Bacon, Roasted Garlic, Salt, Black Pepper, Garlic Powder, Chopped Green Onions, Ranch Dressing, Sour Cream, Corn Tortillas, Cheddar-Monterey Jack Cheese Blend, Mild Enchilada Sauce"], ["time", "40 minutes"], ["created_at", "2019-05-30 15:08:39.901262"], ["updated_at", "2019-05-30 15:08:39.901262"]]
  ↳ db/seeds.rb:10
  [1m[35m (0.3ms)[0m  [1m[35mCOMMIT[0m
  ↳ db/seeds.rb:10
  [1m[35m (0.1ms)[0m  [1m[35mBEGIN[0m
  ↳ db/seeds.rb:10
  [1m[36mRecipe Create (1.3ms)[0m  [1m[32mINSERT INTO "recipes" ("title", "category", "image", "ingredients", "time", "created_at", "updated_at") VALUES ($1, $2, $3, $4, $5, $6, $7) RETURNING "id"[0m  [["title", "Worlds Best Lasagna"], ["category", "Italian"], ["image", "https://images.media-allrecipes.com/userphotos/720x405/3359675.jpg"], ["ingredients", "Cubed Hash Browns, Chopped Onion, Canola Oil, Corned Beef, Salt"], ["time", "30 minutes"], ["created_at", "2019-05-30 15:08:39.902999"], ["updated_at", "2019-05-30 15:08:39.902999"]]
  ↳ db/seeds.rb:10
  [1m[35m (0.4ms)[0m  [1m[35mCOMMIT[0m
  ↳ db/seeds.rb:10
  [1m[36mRecipe Load (0.5ms)[0m  [1m[34mSELECT  "recipes".* FROM "recipes" LIMIT $1[0m  [["LIMIT", 11]]
  [1m[35m (6.5ms)[0m  [1m[34mSELECT COUNT(*) FROM "recipes"[0m
  [1m[36mRecipe Load (0.4ms)[0m  [1m[34mSELECT  "recipes".* FROM "recipes" WHERE "recipes"."id" = $1 LIMIT $2[0m  [["id", 3], ["LIMIT", 1]]
  [1m[36mRecipe Load (2.9ms)[0m  [1m[34mSELECT  "recipes".* FROM "recipes" WHERE "recipes"."time" = $1 LIMIT $2[0m  [["time", "40 minutes"], ["LIMIT", 11]]
  [1m[36mRecipe Load (0.8ms)[0m  [1m[34mSELECT  "recipes".* FROM "recipes" WHERE "recipes"."id" = $1 LIMIT $2[0m  [["id", 2], ["LIMIT", 1]]
  [1m[35m (0.4ms)[0m  [1m[35mBEGIN[0m
  [1m[36mRecipe Update (2.9ms)[0m  [1m[33mUPDATE "recipes" SET "time" = $1, "updated_at" = $2 WHERE "recipes"."id" = $3[0m  [["time", "30 minutes"], ["updated_at", "2019-05-30 15:50:23.202837"], ["id", 2]]
  [1m[35m (0.5ms)[0m  [1m[35mCOMMIT[0m
  [1m[36mRecipe Load (0.8ms)[0m  [1m[34mSELECT  "recipes".* FROM "recipes" WHERE "recipes"."id" = $1 LIMIT $2[0m  [["id", 4], ["LIMIT", 1]]
  [1m[35m (0.3ms)[0m  [1m[35mBEGIN[0m
  [1m[36mRecipe Update (0.7ms)[0m  [1m[33mUPDATE "recipes" SET "time" = $1, "updated_at" = $2 WHERE "recipes"."id" = $3[0m  [["time", "50 minutes"], ["updated_at", "2019-05-30 15:52:38.236796"], ["id", 4]]
  [1m[35m (0.7ms)[0m  [1m[35mCOMMIT[0m
  [1m[36mRecipe Load (0.6ms)[0m  [1m[34mSELECT  "recipes".* FROM "recipes" WHERE "recipes"."id" = $1 LIMIT $2[0m  [["id", 5], ["LIMIT", 1]]
  [1m[35m (0.4ms)[0m  [1m[35mBEGIN[0m
  [1m[36mRecipe Destroy (1.9ms)[0m  [1m[31mDELETE FROM "recipes" WHERE "recipes"."id" = $1[0m  [["id", 5]]
  [1m[35m (0.4ms)[0m  [1m[35mCOMMIT[0m
  [1m[35m (0.3ms)[0m  [1m[35mBEGIN[0m
  [1m[36mRecipe Create (0.7ms)[0m  [1m[32mINSERT INTO "recipes" ("title", "category", "image", "ingredients", "time", "created_at", "updated_at") VALUES ($1, $2, $3, $4, $5, $6, $7) RETURNING "id"[0m  [["title", "Grilled Cheese Sandwich"], ["category", "Lunch"], ["image", "https://images.media-allrecipes.com/userphotos/720x405/2206436.jpg"], ["ingredients", "4 Slices of White Bread, butter, 2 slices of Cheddar Cheese"], ["time", "15 minutes"], ["created_at", "2019-05-30 16:00:20.169388"], ["updated_at", "2019-05-30 16:00:20.169388"]]
  [1m[35m (0.5ms)[0m  [1m[35mCOMMIT[0m
  [1m[36mRecipe Load (1.0ms)[0m  [1m[34mSELECT  "recipes".* FROM "recipes" WHERE "recipes"."id" = $1 LIMIT $2[0m  [["id", 5], ["LIMIT", 1]]
